a      -----2013-10-26 18:05:41
aa      -----2013-10-26 18:05:41
aaaa      -----2013-10-26 18:05:41
a      -----2013-10-26 18:11:33
aa      -----2013-10-26 18:11:33
aaaa      -----2013-10-26 18:11:33
888      -----2013-10-26 18:11:33
a      -----2013-10-26 18:23:00
aa      -----2013-10-26 18:23:00
aaa      -----2013-10-26 18:23:00
a11aa      -----2013-10-26 18:23:00
a11a3a      -----2013-10-26 18:23:00
aaaa      -----2013-10-26 18:23:00
888      -----2013-10-26 18:23:00
a      -----2013-10-26 18:37:17
aa      -----2013-10-26 18:37:17
aaa      -----2013-10-26 18:37:17
a11aa      -----2013-10-26 18:37:17
aaaa      -----2013-10-26 18:37:17
1      -----2013-10-26 18:37:17
aaaaa      -----2013-10-26 18:37:17
5555      -----2013-10-26 18:37:17
888      -----2013-10-26 18:37:17
