=======================开始异步========================      -----2013-8-26 22:07:11
money:990      -----2013-8-26 22:07:11
out_trade_no:11as7as95as100444      -----2013-8-26 22:07:11
transaction_id:1000000000201308261307603135      -----2013-8-26 22:07:11
trade_state:2      -----2013-8-26 22:07:11
trade_mode:2      -----2013-8-26 22:07:11
money:990      -----2013-8-26 22:07:11
========================结束异步=======================      -----2013-8-26 22:07:11
=======================开始异步========================      -----2013-8-27 0:04:02
money:990      -----2013-8-27 0:04:02
out_trade_no:11as7as95as100444      -----2013-8-27 0:04:02
transaction_id:1000000000201308261307603135      -----2013-8-27 0:04:02
trade_state:2      -----2013-8-27 0:04:02
trade_mode:2      -----2013-8-27 0:04:02
money:990      -----2013-8-27 0:04:02
========================结束异步=======================      -----2013-8-27 0:04:02
=======================开始异步========================      -----2013-8-27 0:10:26
money:990      -----2013-8-27 0:10:26
out_trade_no:11as7as95as100444      -----2013-8-27 0:10:26
transaction_id:1000000000201308261307603135      -----2013-8-27 0:10:26
trade_state:2      -----2013-8-27 0:10:26
trade_mode:2      -----2013-8-27 0:10:26
money:990      -----2013-8-27 0:10:26
========================结束异步=======================      -----2013-8-27 0:10:26
=======================开始异步========================      -----2013-8-27 0:16:36
money:990      -----2013-8-27 0:16:36
out_trade_no:11as7as95as100444      -----2013-8-27 0:16:36
transaction_id:1000000000201308261307603135      -----2013-8-27 0:16:36
trade_state:2      -----2013-8-27 0:16:36
trade_mode:2      -----2013-8-27 0:16:36
money:990      -----2013-8-27 0:16:36
========================结束异步=======================      -----2013-8-27 0:16:36
=======================开始异步========================      -----2013-8-27 0:23:28
money:990      -----2013-8-27 0:23:28
out_trade_no:11as7as95as100444      -----2013-8-27 0:23:28
transaction_id:1000000000201308261307603135      -----2013-8-27 0:23:28
trade_state:2      -----2013-8-27 0:23:28
trade_mode:2      -----2013-8-27 0:23:28
money:990      -----2013-8-27 0:23:28
========================结束异步=======================      -----2013-8-27 0:23:28
=======================开始异步========================      -----2013-8-27 0:28:14
money:990      -----2013-8-27 0:28:14
out_trade_no:11as7as95as100444      -----2013-8-27 0:28:14
transaction_id:1000000000201308261307603135      -----2013-8-27 0:28:14
trade_state:0      -----2013-8-27 0:28:14
trade_mode:2      -----2013-8-27 0:28:14
money:990      -----2013-8-27 0:28:14
========================结束异步=======================      -----2013-8-27 0:28:14
notify_id:2Uj8yZrI5l_qSkTouhG8Tf-KhlCvy6bXd6Laeo-AKYqc-V7q0tMpp1PD_EEPTdBIJzBd23myL2PLwudzjruWRIT0MsAXO5QU      -----2013-8-27 0:28:20
out_trade_no:11as7as95as100444      -----2013-8-27 0:28:20
total_fee:      -----2013-8-27 0:28:20
trade_mode:2      -----2013-8-27 0:28:20
